[2025-06-15 00:00:36] [INFO] [DRY-RUN] Starting OBIBUF feature setup (DRY-RUN) for: protocol-state-validation
[2025-06-15 00:00:36] [INFO] [DRY-RUN] DRY-RUN MODE: No actual changes will be made
[2025-06-15 00:00:36] [INFO] [DRY-RUN] Script version: 1.1.0
[2025-06-15 00:00:36] [INFO] [DRY-RUN] Working directory: /mnt/c/Users/OBINexus/Projects/github/obibuf-poc
[2025-06-15 00:00:36] [INFO] [DRY-RUN] Validating environment prerequisites...
[2025-06-15 00:00:36] [SUCCESS] [DRY-RUN] Environment validation completed
[2025-06-15 00:00:36] [INFO] [DRY-RUN] Feature name validated: 'protocol-state-validation'
[2025-06-15 00:00:36] [INFO] [DRY-RUN] Setting up build directories for feature: protocol-state-validation
[2025-06-15 00:00:36] [INFO] [DRY-RUN] Cleaning existing build artifacts...
[2025-06-15 00:00:36] [INFO] [DRY-RUN] DRY-RUN: Would remove: build/ dist/
[2025-06-15 00:00:36] [INFO] [DRY-RUN] DRY-RUN: Would create directory: build/debug build/release
[2025-06-15 00:00:36] [INFO] [DRY-RUN] DRY-RUN: Would create directory: dist/lib dist/bin dist/include
[2025-06-15 00:00:36] [INFO] [DRY-RUN] DRY-RUN: Would create directory: configs
[2025-06-15 00:00:36] [INFO] [DRY-RUN] DRY-RUN: Would create directory: build/debug/obiprotocol
[2025-06-15 00:00:36] [INFO] [DRY-RUN] DRY-RUN: Would create directory: build/release/obiprotocol
[2025-06-15 00:00:36] [INFO] [DRY-RUN] Created build directories for layer: obiprotocol
[2025-06-15 00:00:36] [INFO] [DRY-RUN] DRY-RUN: Would create directory: build/debug/obitopology
[2025-06-15 00:00:36] [INFO] [DRY-RUN] DRY-RUN: Would create directory: build/release/obitopology
[2025-06-15 00:00:36] [INFO] [DRY-RUN] Created build directories for layer: obitopology
[2025-06-15 00:00:36] [INFO] [DRY-RUN] DRY-RUN: Would create directory: build/debug/obibuffer
[2025-06-15 00:00:36] [INFO] [DRY-RUN] DRY-RUN: Would create directory: build/release/obibuffer
[2025-06-15 00:00:36] [INFO] [DRY-RUN] Created build directories for layer: obibuffer
[2025-06-15 00:00:36] [INFO] [DRY-RUN] DRY-RUN: Would create directory: build/unit/test_results build/integration/test_results
[2025-06-15 00:00:36] [SUCCESS] [DRY-RUN] Build directory structure created
[2025-06-15 00:00:36] [INFO] [DRY-RUN] Generating feature configuration: configs/protocol-state-validation.yaml
[2025-06-15 00:00:36] [INFO] [DRY-RUN] DRY-RUN: Would create file: configs/protocol-state-validation.yaml
[2025-06-15 00:00:36] [INFO] [DRY-RUN] DRY-RUN: File would contain YAML configuration for feature
[2025-06-15 00:00:36] [SUCCESS] [DRY-RUN] Feature configuration generated: configs/protocol-state-validation.yaml
[2025-06-15 00:00:36] [INFO] [DRY-RUN] Generating build configuration files...
[2025-06-15 00:00:36] [INFO] [DRY-RUN] DRY-RUN: Would create file: CMakeLists_protocol-state-validation.txt
[2025-06-15 00:00:36] [INFO] [DRY-RUN] DRY-RUN: File would contain CMake build configuration
[2025-06-15 00:00:36] [INFO] [DRY-RUN] DRY-RUN: Would create file: Makefile.protocol-state-validation
[2025-06-15 00:00:36] [INFO] [DRY-RUN] DRY-RUN: File would contain Makefile build rules
[2025-06-15 00:00:36] [SUCCESS] [DRY-RUN] Build configuration files generated
[2025-06-15 00:00:36] [INFO] [DRY-RUN] Updating feature manifest...
[2025-06-15 00:00:36] [INFO] [DRY-RUN] DRY-RUN: Would create file: dist/feature_manifest.txt
[2025-06-15 00:00:36] [INFO] [DRY-RUN] DRY-RUN: Would append to file: dist/feature_manifest.txt
[2025-06-15 00:00:36] [INFO] [DRY-RUN] DRY-RUN: Content: protocol-state-validation | 2025-06-15T00:00:36+01:00 | CONFIGURED | 1.0.0
[2025-06-15 00:00:36] [SUCCESS] [DRY-RUN] Feature manifest updated
[2025-06-15 00:00:36] [SUCCESS] [DRY-RUN] Feature setup simulation completed successfully for: protocol-state-validation
